<?xml version="1.0" encoding="UTF-8"?>
<!-- Generated by org.testng.reporters.JUnitXMLReporter -->
<testsuite ignored="0" hostname="CPX-X4CQQ6UUL0Y" failures="1" tests="1" name="AddAcount" time="11.359" errors="0" timestamp="29 sty 2019 13:33:10 GMT">
  <testcase classname="TCs.OpenNewAccount" name="openNewAccount" time="11.296">
    <failure type="com.codeborne.selenide.ex.ElementNotFound" message="Element not found {By.id: fromAccountId}
Expected: exist">
      <![CDATA[Element not found {By.id: fromAccountId}
Expected: exist
Screenshot: file:/c:/Selenide/build/reports/tests/1548768790181.0.png
Page source: file:/c:/Selenide/build/reports/tests/1548768790181.0.html
Timeout: 4 s.
Caused by: NoSuchElementException: Cannot locate option containing text: 13566
	at com.codeborne.selenide.impl.WebElementSource.createElementNotFoundError(WebElementSource.java:34)
	at com.codeborne.selenide.impl.ElementFinder.createElementNotFoundError(ElementFinder.java:100)
	at com.codeborne.selenide.impl.SelenideElementProxy.dispatchAndRetry(SelenideElementProxy.java:131)
	at com.codeborne.selenide.impl.SelenideElementProxy.invoke(SelenideElementProxy.java:65)
	at com.sun.proxy.$Proxy6.selectOptionContainingText(Unknown Source)
	at Pages.OpenNewAccountPage.amountFromAccount(OpenNewAccountPage.java:37)
	at TCs.OpenNewAccount.openNewAccount(OpenNewAccount.java:19)
Caused by: org.openqa.selenium.NoSuchElementException: Cannot locate option containing text: 13566
For documentation on this error, please visit: http://seleniumhq.org/exceptions/no_such_element.html
Build info: version: '3.14.0', revision: 'aacccce0', time: '2018-08-02T20:19:58.91Z'
System info: host: 'CPX-X4CQQ6UUL0Y', ip: '10.106.163.132', os.name: 'Windows 10', os.arch: 'amd64', os.version: '10.0', java.version: '11.0.1'
Driver info: driver.version: unknown
	at com.codeborne.selenide.commands.SelectOptionContainingText.execute(SelectOptionContainingText.java:25)
	at com.codeborne.selenide.commands.SelectOptionContainingText.execute(SelectOptionContainingText.java:14)
	at com.codeborne.selenide.commands.Commands.execute(Commands.java:144)
	at com.codeborne.selenide.impl.SelenideElementProxy.dispatchAndRetry(SelenideElementProxy.java:99)
	... 33 more
... Removed 29 stack frames]]>
    </failure>
  </testcase> <!-- openNewAccount -->
</testsuite> <!-- AddAcount -->
