<!DOCTYPE html PUBLIC "-//W3C//DTD XHTML 1.1//EN" "http://www.w3.org/TR/xhtml11/DTD/xhtml11.dtd">
<html xmlns="http://www.w3.org/1999/xhtml"><head><title>TestNG Report</title><style type="text/css">table {margin-bottom:10px;border-collapse:collapse;empty-cells:show}th,td {border:1px solid #009;padding:.25em .5em}th {vertical-align:bottom}td {vertical-align:top}table a {font-weight:bold}.stripe td {background-color: #E6EBF9}.num {text-align:right}.passedodd td {background-color: #3F3}.passedeven td {background-color: #0A0}.skippedodd td {background-color: #DDD}.skippedeven td {background-color: #CCC}.failedodd td,.attn {background-color: #F33}.failedeven td,.stripe .attn {background-color: #D00}.stacktrace {white-space:pre;font-family:monospace}.totop {font-size:85%;text-align:center;border-bottom:2px solid #000}</style></head><body><table><tr><th>Test</th><th># Passed</th><th># Skipped</th><th># Failed</th><th>Time (ms)</th><th>Included Groups</th><th>Excluded Groups</th></tr><tr><th colspan="7">TestALL</th></tr><tr><td><a href="#t0">AddUser</a></td><td class="num">1</td><td class="num">0</td><td class="num">0</td><td class="num">23 075</td><td></td><td></td></tr><tr class="stripe"><td><a href="#t1">AddAcount</a></td><td class="num">0</td><td class="num">0</td><td class="num attn">1</td><td class="num">11 359</td><td></td><td></td></tr><tr><th>Total</th><th class="num">1</th><th class="num">0</th><th class="num attn">1</th><th class="num">34 434</th><th colspan="2"></th></tr></table><table id='summary'><thead><tr><th>Class</th><th>Method</th><th>Start</th><th>Time (ms)</th></tr></thead><tbody><tr><th colspan="4">TestALL</th></tr></tbody><tbody id="t0"><tr><th colspan="4">AddUser &#8212; passed</th></tr><tr class="passedeven"><td rowspan="1">TCs.CreateUser</td><td><a href="#m0">CreateAccount</a></td><td rowspan="1">1548768756295</td><td rowspan="1">22951</td></tr></tbody><tbody id="t1"><tr><th colspan="4">AddAcount &#8212; failed</th></tr><tr class="failedeven"><td rowspan="1">TCs.OpenNewAccount</td><td><a href="#m1">openNewAccount</a></td><td rowspan="1">1548768779380</td><td rowspan="1">11296</td></tr></tbody></table><h2>AddUser</h2><h3 id="m0">TCs.CreateUser#CreateAccount</h3><table class="result"><tr class="param"><th>Parameter #1</th><th>Parameter #2</th><th>Parameter #3</th><th>Parameter #4</th><th>Parameter #5</th><th>Parameter #6</th><th>Parameter #7</th><th>Parameter #8</th><th>Parameter #9</th><th>Parameter #10</th><th>Parameter #11</th><th>Parameter #12</th></tr><tr class="param stripe"><td>http://parabank.parasoft.com/parabank/index.htm</td><td>stefan</td><td>cutasiewicz</td><td>cudna 3</td><td>lolowo</td><td>ff</td><td>44</td><td>4444444</td><td>4444</td><td>stefan01</td><td>stefan01</td><td>stefan01</td></tr></table><p class="totop"><a href="#summary">back to summary</a></p><h2>AddAcount</h2><h3 id="m1">TCs.OpenNewAccount#openNewAccount</h3><table class="result"><tr class="param"><th>Parameter #1</th><th>Parameter #2</th><th>Parameter #3</th></tr><tr class="param stripe"><td>http://parabank.parasoft.com/parabank/index.htm</td><td>stefan01</td><td>stefan01</td></tr><tr><th colspan="3">Exception</th></tr><tr><td colspan="3"><div class="stacktrace">Element not found {By.id: fromAccountId}
Expected: exist
Screenshot: file:/c:/Selenide/build/reports/tests/1548768790181.0.png
Page source: file:/c:/Selenide/build/reports/tests/1548768790181.0.html
Timeout: 4 s.
Caused by: NoSuchElementException: Cannot locate option containing text: 13566
	at com.codeborne.selenide.impl.WebElementSource.createElementNotFoundError(WebElementSource.java:34)
	at com.codeborne.selenide.impl.ElementFinder.createElementNotFoundError(ElementFinder.java:100)
	at com.codeborne.selenide.impl.SelenideElementProxy.dispatchAndRetry(SelenideElementProxy.java:131)
	at com.codeborne.selenide.impl.SelenideElementProxy.invoke(SelenideElementProxy.java:65)
	at com.sun.proxy.$Proxy6.selectOptionContainingText(Unknown Source)
	at Pages.OpenNewAccountPage.amountFromAccount(OpenNewAccountPage.java:37)
	at TCs.OpenNewAccount.openNewAccount(OpenNewAccount.java:19)
Caused by: org.openqa.selenium.NoSuchElementException: Cannot locate option containing text: 13566
For documentation on this error, please visit: http://seleniumhq.org/exceptions/no_such_element.html
Build info: version: &apos;3.14.0&apos;, revision: &apos;aacccce0&apos;, time: &apos;2018-08-02T20:19:58.91Z&apos;
System info: host: &apos;CPX-X4CQQ6UUL0Y&apos;, ip: &apos;10.106.163.132&apos;, os.name: &apos;Windows 10&apos;, os.arch: &apos;amd64&apos;, os.version: &apos;10.0&apos;, java.version: &apos;11.0.1&apos;
Driver info: driver.version: unknown
	at com.codeborne.selenide.commands.SelectOptionContainingText.execute(SelectOptionContainingText.java:25)
	at com.codeborne.selenide.commands.SelectOptionContainingText.execute(SelectOptionContainingText.java:14)
	at com.codeborne.selenide.commands.Commands.execute(Commands.java:144)
	at com.codeborne.selenide.impl.SelenideElementProxy.dispatchAndRetry(SelenideElementProxy.java:99)
	... 33 more
... Removed 29 stack frames</div></td></tr></table><p class="totop"><a href="#summary">back to summary</a></p></body></html>